<?xml version="1.0" encoding="UTF-8"?>
<!-- Generated by org.testng.reporters.JUnitXMLReporter -->
<testsuite hostname="DESKTOP-G59H6AO" name="Test" tests="1" failures="1" timestamp="27 Nov 2021 17:00:47 GMT" time="0.014" errors="0">
  <testcase name="launch" time="0.0" classname="com.paramerter.paramerter">
    <failure type="org.testng.TestNGException" message="
Parameter &amp;apos;browser&amp;apos; is required by @Test on method launch but has not been marked @Optional or defined
in E:\Selenium Programs\TestNGProgram\resources\com\parameterxml\testng.xml">
      <![CDATA[org.testng.TestNGException: 
Parameter 'browser' is required by @Test on method launch but has not been marked @Optional or defined
in E:\Selenium Programs\TestNGProgram\resources\com\parameterxml\testng.xml
... Removed 23 stack frames]]>
    </failure>
  </testcase> <!-- launch -->
</testsuite> <!-- Test -->
